<?xml version="1.0" encoding="UTF-8"?>
<!-- Generated by org.testng.reporters.JUnitReportReporter -->
<testsuite hostname="Lenovo-PC" failures="0" tests="1" name="ExtentReport.Online.MySampleExtentReport" time="54.393" errors="0" timestamp="2023-04-07T23:25:57 IST" skipped="0">
  <testcase classname="ExtentReport.Online.MySampleExtentReport" name="sampleTest" time="54.393"/>
  <system-out/>
</testsuite> <!-- ExtentReport.Online.MySampleExtentReport -->
